state 47 contains 10 shift/reduce conflicts
state 51 contains 9 shift/reduce conflicts
state 52 contains 9 shift/reduce conflicts


-------- Grammar --------

rule 1 target: exp
rule 2 target: 
rule 3 exp: exp "+" exp
rule 4 exp: exp "-" exp
rule 5 exp: exp "*" exp
rule 6 exp: exp "/" exp
rule 7 exp: exp "%" exp
rule 8 exp: exp IS exp
rule 9 exp: exp "<" exp
rule 10 exp: exp ">" exp
rule 11 exp: exp ISNOT exp
rule 12 exp: PRINT exp
rule 13 exp: IF exp THEN exp
rule 14 exp: IF exp THEN exp ELSE exp
rule 15 exp: FOR exp TO exp DO exp
rule 16 exp: "(" exp ")"
rule 17 exp: "{" explist "}"
rule 18 exp: "-" NUMBER
rule 19 exp: VAR "=" exp
rule 20 exp: NUMBER
rule 21 exp: VAR
rule 22 exp: STRING
rule 23 explist: 
rule 24 explist: exp
rule 25 explist: explist ";" exp

------- Symbols -------

**Nonterminals, with rules where they appear

  $start (28)
    on right: 
    on left : 
  target (29)
    on right: 
    on left : 1 2
  exp (30)
    on right: 1 3 4 5 6 7 8 9 10 11 12 13 14 15 16 19 24 25
    on left : 3 4 5 6 7 8 9 10 11 12 13 14 15 16 17 18 19 20 21 22
  explist (31)
    on right: 17 25
    on left : 23 24 25

**Terminals, with rules where they appear

  $end (0) 
  error (1) 
  UMINUS (2) 
  "*" (3) 5
  "/" (4) 6
  "%" (5) 7
  "+" (6) 3
  "-" (7) 4 18
  IS (8) 8
  ISNOT (9) 11
  ">" (10) 10
  "<" (11) 9
  "=" (12) 19
  PRINT (13) 12
  ";" (14) 25
  IF (15) 13 14
  THEN (16) 13 14
  ELSE (17) 14
  FOR (18) 15
  TO (19) 15
  DO (20) 15
  "(" (21) 16
  ")" (22) 16
  "{" (23) 17
  "}" (24) 17
  NUMBER (25) 18 20
  VAR (26) 19 21
  STRING (27) 22

--------- State ---------

state 0


  "-"           shift, and go to state 7
  PRINT         shift, and go to state 2
  IF            shift, and go to state 5
  FOR           shift, and go to state 8
  "("           shift, and go to state 11
  "{"           shift, and go to state 1
  NUMBER        shift, and go to state 3
  VAR           shift, and go to state 4
  STRING        shift, and go to state 6
  $default      reduce using rule 2 (target)

  target        go to state 9
  exp           go to state 10

state 1

  17) exp : "{" _ explist "}"

  "-"           shift, and go to state 7
  PRINT         shift, and go to state 2
  IF            shift, and go to state 5
  FOR           shift, and go to state 8
  "("           shift, and go to state 11
  "{"           shift, and go to state 1
  NUMBER        shift, and go to state 3
  VAR           shift, and go to state 4
  STRING        shift, and go to state 6
  $default      reduce using rule 23 (explist)

  exp           go to state 12
  explist       go to state 13

state 2

  12) exp : PRINT _ exp

  "-"           shift, and go to state 7
  PRINT         shift, and go to state 2
  IF            shift, and go to state 5
  FOR           shift, and go to state 8
  "("           shift, and go to state 11
  "{"           shift, and go to state 1
  NUMBER        shift, and go to state 3
  VAR           shift, and go to state 4
  STRING        shift, and go to state 6

  exp           go to state 14

state 3

  20) exp : NUMBER _

  $default      reduce using rule 20 (exp)


state 4

  19) exp : VAR _ "=" exp
  21) exp : VAR _

  "="           shift, and go to state 15
  $default      reduce using rule 21 (exp)


state 5

  13) exp : IF _ exp THEN exp
  14) exp : IF _ exp THEN exp ELSE exp

  "-"           shift, and go to state 7
  PRINT         shift, and go to state 2
  IF            shift, and go to state 5
  FOR           shift, and go to state 8
  "("           shift, and go to state 11
  "{"           shift, and go to state 1
  NUMBER        shift, and go to state 3
  VAR           shift, and go to state 4
  STRING        shift, and go to state 6

  exp           go to state 16

state 6

  22) exp : STRING _

  $default      reduce using rule 22 (exp)


state 7

  18) exp : "-" _ NUMBER

  NUMBER        shift, and go to state 17


state 8

  15) exp : FOR _ exp TO exp DO exp

  "-"           shift, and go to state 7
  PRINT         shift, and go to state 2
  IF            shift, and go to state 5
  FOR           shift, and go to state 8
  "("           shift, and go to state 11
  "{"           shift, and go to state 1
  NUMBER        shift, and go to state 3
  VAR           shift, and go to state 4
  STRING        shift, and go to state 6

  exp           go to state 18

state 9


  $end          shift, and go to state 19


state 10

   1) target : exp _
   3) exp : exp _ "+" exp
   4) exp : exp _ "-" exp
   5) exp : exp _ "*" exp
   6) exp : exp _ "/" exp
   7) exp : exp _ "%" exp
   8) exp : exp _ IS exp
   9) exp : exp _ "<" exp
  10) exp : exp _ ">" exp
  11) exp : exp _ ISNOT exp

  "*"           shift, and go to state 21
  "/"           shift, and go to state 22
  "%"           shift, and go to state 23
  "+"           shift, and go to state 24
  "-"           shift, and go to state 25
  IS            shift, and go to state 26
  ISNOT         shift, and go to state 27
  ">"           shift, and go to state 28
  "<"           shift, and go to state 20
  $default      reduce using rule 1 (target)


state 11

  16) exp : "(" _ exp ")"

  "-"           shift, and go to state 7
  PRINT         shift, and go to state 2
  IF            shift, and go to state 5
  FOR           shift, and go to state 8
  "("           shift, and go to state 11
  "{"           shift, and go to state 1
  NUMBER        shift, and go to state 3
  VAR           shift, and go to state 4
  STRING        shift, and go to state 6

  exp           go to state 29

state 12

   3) exp : exp _ "+" exp
   4) exp : exp _ "-" exp
   5) exp : exp _ "*" exp
   6) exp : exp _ "/" exp
   7) exp : exp _ "%" exp
   8) exp : exp _ IS exp
   9) exp : exp _ "<" exp
  10) exp : exp _ ">" exp
  11) exp : exp _ ISNOT exp
  24) explist : exp _

  "*"           shift, and go to state 21
  "/"           shift, and go to state 22
  "%"           shift, and go to state 23
  "+"           shift, and go to state 24
  "-"           shift, and go to state 25
  IS            shift, and go to state 26
  ISNOT         shift, and go to state 27
  ">"           shift, and go to state 28
  "<"           shift, and go to state 20
  $default      reduce using rule 24 (explist)


state 13

  17) exp : "{" explist _ "}"
  25) explist : explist _ ";" exp

  ";"           shift, and go to state 31
  "}"           shift, and go to state 30


state 14

   3) exp : exp _ "+" exp
   4) exp : exp _ "-" exp
   5) exp : exp _ "*" exp
   6) exp : exp _ "/" exp
   7) exp : exp _ "%" exp
   8) exp : exp _ IS exp
   9) exp : exp _ "<" exp
  10) exp : exp _ ">" exp
  11) exp : exp _ ISNOT exp
  12) exp : PRINT exp _

  "*"           shift, and go to state 21
  "/"           shift, and go to state 22
  "%"           shift, and go to state 23
  "+"           shift, and go to state 24
  "-"           shift, and go to state 25
  IS            shift, and go to state 26
  ISNOT         shift, and go to state 27
  ">"           shift, and go to state 28
  "<"           shift, and go to state 20
  $default      reduce using rule 12 (exp)


state 15

  19) exp : VAR "=" _ exp

  "-"           shift, and go to state 7
  PRINT         shift, and go to state 2
  IF            shift, and go to state 5
  FOR           shift, and go to state 8
  "("           shift, and go to state 11
  "{"           shift, and go to state 1
  NUMBER        shift, and go to state 3
  VAR           shift, and go to state 4
  STRING        shift, and go to state 6

  exp           go to state 32

state 16

   3) exp : exp _ "+" exp
   4) exp : exp _ "-" exp
   5) exp : exp _ "*" exp
   6) exp : exp _ "/" exp
   7) exp : exp _ "%" exp
   8) exp : exp _ IS exp
   9) exp : exp _ "<" exp
  10) exp : exp _ ">" exp
  11) exp : exp _ ISNOT exp
  13) exp : IF exp _ THEN exp
  14) exp : IF exp _ THEN exp ELSE exp

  "*"           shift, and go to state 21
  "/"           shift, and go to state 22
  "%"           shift, and go to state 23
  "+"           shift, and go to state 24
  "-"           shift, and go to state 25
  IS            shift, and go to state 26
  ISNOT         shift, and go to state 27
  ">"           shift, and go to state 28
  "<"           shift, and go to state 20
  THEN          shift, and go to state 33


state 17

  18) exp : "-" NUMBER _

  $default      reduce using rule 18 (exp)


state 18

   3) exp : exp _ "+" exp
   4) exp : exp _ "-" exp
   5) exp : exp _ "*" exp
   6) exp : exp _ "/" exp
   7) exp : exp _ "%" exp
   8) exp : exp _ IS exp
   9) exp : exp _ "<" exp
  10) exp : exp _ ">" exp
  11) exp : exp _ ISNOT exp
  15) exp : FOR exp _ TO exp DO exp

  "*"           shift, and go to state 21
  "/"           shift, and go to state 22
  "%"           shift, and go to state 23
  "+"           shift, and go to state 24
  "-"           shift, and go to state 25
  IS            shift, and go to state 26
  ISNOT         shift, and go to state 27
  ">"           shift, and go to state 28
  "<"           shift, and go to state 20
  TO            shift, and go to state 34


state 19


  $end          shift, and go to state 35


state 20

   9) exp : exp "<" _ exp

  "-"           shift, and go to state 7
  PRINT         shift, and go to state 2
  IF            shift, and go to state 5
  FOR           shift, and go to state 8
  "("           shift, and go to state 11
  "{"           shift, and go to state 1
  NUMBER        shift, and go to state 3
  VAR           shift, and go to state 4
  STRING        shift, and go to state 6

  exp           go to state 36

state 21

   5) exp : exp "*" _ exp

  "-"           shift, and go to state 7
  PRINT         shift, and go to state 2
  IF            shift, and go to state 5
  FOR           shift, and go to state 8
  "("           shift, and go to state 11
  "{"           shift, and go to state 1
  NUMBER        shift, and go to state 3
  VAR           shift, and go to state 4
  STRING        shift, and go to state 6

  exp           go to state 37

state 22

   6) exp : exp "/" _ exp

  "-"           shift, and go to state 7
  PRINT         shift, and go to state 2
  IF            shift, and go to state 5
  FOR           shift, and go to state 8
  "("           shift, and go to state 11
  "{"           shift, and go to state 1
  NUMBER        shift, and go to state 3
  VAR           shift, and go to state 4
  STRING        shift, and go to state 6

  exp           go to state 38

state 23

   7) exp : exp "%" _ exp

  "-"           shift, and go to state 7
  PRINT         shift, and go to state 2
  IF            shift, and go to state 5
  FOR           shift, and go to state 8
  "("           shift, and go to state 11
  "{"           shift, and go to state 1
  NUMBER        shift, and go to state 3
  VAR           shift, and go to state 4
  STRING        shift, and go to state 6

  exp           go to state 39

state 24

   3) exp : exp "+" _ exp

  "-"           shift, and go to state 7
  PRINT         shift, and go to state 2
  IF            shift, and go to state 5
  FOR           shift, and go to state 8
  "("           shift, and go to state 11
  "{"           shift, and go to state 1
  NUMBER        shift, and go to state 3
  VAR           shift, and go to state 4
  STRING        shift, and go to state 6

  exp           go to state 40

state 25

   4) exp : exp "-" _ exp

  "-"           shift, and go to state 7
  PRINT         shift, and go to state 2
  IF            shift, and go to state 5
  FOR           shift, and go to state 8
  "("           shift, and go to state 11
  "{"           shift, and go to state 1
  NUMBER        shift, and go to state 3
  VAR           shift, and go to state 4
  STRING        shift, and go to state 6

  exp           go to state 41

state 26

   8) exp : exp IS _ exp

  "-"           shift, and go to state 7
  PRINT         shift, and go to state 2
  IF            shift, and go to state 5
  FOR           shift, and go to state 8
  "("           shift, and go to state 11
  "{"           shift, and go to state 1
  NUMBER        shift, and go to state 3
  VAR           shift, and go to state 4
  STRING        shift, and go to state 6

  exp           go to state 42

state 27

  11) exp : exp ISNOT _ exp

  "-"           shift, and go to state 7
  PRINT         shift, and go to state 2
  IF            shift, and go to state 5
  FOR           shift, and go to state 8
  "("           shift, and go to state 11
  "{"           shift, and go to state 1
  NUMBER        shift, and go to state 3
  VAR           shift, and go to state 4
  STRING        shift, and go to state 6

  exp           go to state 43

state 28

  10) exp : exp ">" _ exp

  "-"           shift, and go to state 7
  PRINT         shift, and go to state 2
  IF            shift, and go to state 5
  FOR           shift, and go to state 8
  "("           shift, and go to state 11
  "{"           shift, and go to state 1
  NUMBER        shift, and go to state 3
  VAR           shift, and go to state 4
  STRING        shift, and go to state 6

  exp           go to state 44

state 29

   3) exp : exp _ "+" exp
   4) exp : exp _ "-" exp
   5) exp : exp _ "*" exp
   6) exp : exp _ "/" exp
   7) exp : exp _ "%" exp
   8) exp : exp _ IS exp
   9) exp : exp _ "<" exp
  10) exp : exp _ ">" exp
  11) exp : exp _ ISNOT exp
  16) exp : "(" exp _ ")"

  "*"           shift, and go to state 21
  "/"           shift, and go to state 22
  "%"           shift, and go to state 23
  "+"           shift, and go to state 24
  "-"           shift, and go to state 25
  IS            shift, and go to state 26
  ISNOT         shift, and go to state 27
  ">"           shift, and go to state 28
  "<"           shift, and go to state 20
  ")"           shift, and go to state 45


state 30

  17) exp : "{" explist "}" _

  $default      reduce using rule 17 (exp)


state 31

  25) explist : explist ";" _ exp

  "-"           shift, and go to state 7
  PRINT         shift, and go to state 2
  IF            shift, and go to state 5
  FOR           shift, and go to state 8
  "("           shift, and go to state 11
  "{"           shift, and go to state 1
  NUMBER        shift, and go to state 3
  VAR           shift, and go to state 4
  STRING        shift, and go to state 6

  exp           go to state 46

state 32

   3) exp : exp _ "+" exp
   4) exp : exp _ "-" exp
   5) exp : exp _ "*" exp
   6) exp : exp _ "/" exp
   7) exp : exp _ "%" exp
   8) exp : exp _ IS exp
   9) exp : exp _ "<" exp
  10) exp : exp _ ">" exp
  11) exp : exp _ ISNOT exp
  19) exp : VAR "=" exp _

  "*"           shift, and go to state 21
  "/"           shift, and go to state 22
  "%"           shift, and go to state 23
  "+"           shift, and go to state 24
  "-"           shift, and go to state 25
  IS            shift, and go to state 26
  ISNOT         shift, and go to state 27
  ">"           shift, and go to state 28
  "<"           shift, and go to state 20
  $default      reduce using rule 19 (exp)


state 33

  13) exp : IF exp THEN _ exp
  14) exp : IF exp THEN _ exp ELSE exp

  "-"           shift, and go to state 7
  PRINT         shift, and go to state 2
  IF            shift, and go to state 5
  FOR           shift, and go to state 8
  "("           shift, and go to state 11
  "{"           shift, and go to state 1
  NUMBER        shift, and go to state 3
  VAR           shift, and go to state 4
  STRING        shift, and go to state 6

  exp           go to state 47

state 34

  15) exp : FOR exp TO _ exp DO exp

  "-"           shift, and go to state 7
  PRINT         shift, and go to state 2
  IF            shift, and go to state 5
  FOR           shift, and go to state 8
  "("           shift, and go to state 11
  "{"           shift, and go to state 1
  NUMBER        shift, and go to state 3
  VAR           shift, and go to state 4
  STRING        shift, and go to state 6

  exp           go to state 48

state 35


  $default      accept


state 36

   3) exp : exp _ "+" exp
   4) exp : exp _ "-" exp
   5) exp : exp _ "*" exp
   6) exp : exp _ "/" exp
   7) exp : exp _ "%" exp
   8) exp : exp _ IS exp
   9) exp : exp _ "<" exp
   9) exp : exp "<" exp _
  10) exp : exp _ ">" exp
  11) exp : exp _ ISNOT exp

  "*"           shift, and go to state 21
  "/"           shift, and go to state 22
  "%"           shift, and go to state 23
  "+"           shift, and go to state 24
  "-"           shift, and go to state 25
  IS            shift, and go to state 26
  ISNOT         shift, and go to state 27
  ">"           shift, and go to state 28
  "<"           error
  $default      reduce using rule 9 (exp)


state 37

   3) exp : exp _ "+" exp
   4) exp : exp _ "-" exp
   5) exp : exp _ "*" exp
   5) exp : exp "*" exp _
   6) exp : exp _ "/" exp
   7) exp : exp _ "%" exp
   8) exp : exp _ IS exp
   9) exp : exp _ "<" exp
  10) exp : exp _ ">" exp
  11) exp : exp _ ISNOT exp

  $default      reduce using rule 5 (exp)


state 38

   3) exp : exp _ "+" exp
   4) exp : exp _ "-" exp
   5) exp : exp _ "*" exp
   6) exp : exp _ "/" exp
   6) exp : exp "/" exp _
   7) exp : exp _ "%" exp
   8) exp : exp _ IS exp
   9) exp : exp _ "<" exp
  10) exp : exp _ ">" exp
  11) exp : exp _ ISNOT exp

  $default      reduce using rule 6 (exp)


state 39

   3) exp : exp _ "+" exp
   4) exp : exp _ "-" exp
   5) exp : exp _ "*" exp
   6) exp : exp _ "/" exp
   7) exp : exp _ "%" exp
   7) exp : exp "%" exp _
   8) exp : exp _ IS exp
   9) exp : exp _ "<" exp
  10) exp : exp _ ">" exp
  11) exp : exp _ ISNOT exp

  $default      reduce using rule 7 (exp)


state 40

   3) exp : exp _ "+" exp
   3) exp : exp "+" exp _
   4) exp : exp _ "-" exp
   5) exp : exp _ "*" exp
   6) exp : exp _ "/" exp
   7) exp : exp _ "%" exp
   8) exp : exp _ IS exp
   9) exp : exp _ "<" exp
  10) exp : exp _ ">" exp
  11) exp : exp _ ISNOT exp

  "*"           shift, and go to state 21
  "/"           shift, and go to state 22
  "%"           shift, and go to state 23
  $default      reduce using rule 3 (exp)


state 41

   3) exp : exp _ "+" exp
   4) exp : exp _ "-" exp
   4) exp : exp "-" exp _
   5) exp : exp _ "*" exp
   6) exp : exp _ "/" exp
   7) exp : exp _ "%" exp
   8) exp : exp _ IS exp
   9) exp : exp _ "<" exp
  10) exp : exp _ ">" exp
  11) exp : exp _ ISNOT exp

  "*"           shift, and go to state 21
  "/"           shift, and go to state 22
  "%"           shift, and go to state 23
  $default      reduce using rule 4 (exp)


state 42

   3) exp : exp _ "+" exp
   4) exp : exp _ "-" exp
   5) exp : exp _ "*" exp
   6) exp : exp _ "/" exp
   7) exp : exp _ "%" exp
   8) exp : exp _ IS exp
   8) exp : exp IS exp _
   9) exp : exp _ "<" exp
  10) exp : exp _ ">" exp
  11) exp : exp _ ISNOT exp

  "*"           shift, and go to state 21
  "/"           shift, and go to state 22
  "%"           shift, and go to state 23
  "+"           shift, and go to state 24
  "-"           shift, and go to state 25
  IS            error
  $default      reduce using rule 8 (exp)


state 43

   3) exp : exp _ "+" exp
   4) exp : exp _ "-" exp
   5) exp : exp _ "*" exp
   6) exp : exp _ "/" exp
   7) exp : exp _ "%" exp
   8) exp : exp _ IS exp
   9) exp : exp _ "<" exp
  10) exp : exp _ ">" exp
  11) exp : exp _ ISNOT exp
  11) exp : exp ISNOT exp _

  "*"           shift, and go to state 21
  "/"           shift, and go to state 22
  "%"           shift, and go to state 23
  "+"           shift, and go to state 24
  "-"           shift, and go to state 25
  IS            shift, and go to state 26
  ISNOT         error
  $default      reduce using rule 11 (exp)


state 44

   3) exp : exp _ "+" exp
   4) exp : exp _ "-" exp
   5) exp : exp _ "*" exp
   6) exp : exp _ "/" exp
   7) exp : exp _ "%" exp
   8) exp : exp _ IS exp
   9) exp : exp _ "<" exp
  10) exp : exp _ ">" exp
  10) exp : exp ">" exp _
  11) exp : exp _ ISNOT exp

  "*"           shift, and go to state 21
  "/"           shift, and go to state 22
  "%"           shift, and go to state 23
  "+"           shift, and go to state 24
  "-"           shift, and go to state 25
  IS            shift, and go to state 26
  ISNOT         shift, and go to state 27
  ">"           error
  $default      reduce using rule 10 (exp)


state 45

  16) exp : "(" exp ")" _

  $default      reduce using rule 16 (exp)


state 46

   3) exp : exp _ "+" exp
   4) exp : exp _ "-" exp
   5) exp : exp _ "*" exp
   6) exp : exp _ "/" exp
   7) exp : exp _ "%" exp
   8) exp : exp _ IS exp
   9) exp : exp _ "<" exp
  10) exp : exp _ ">" exp
  11) exp : exp _ ISNOT exp
  25) explist : explist ";" exp _

  "*"           shift, and go to state 21
  "/"           shift, and go to state 22
  "%"           shift, and go to state 23
  "+"           shift, and go to state 24
  "-"           shift, and go to state 25
  IS            shift, and go to state 26
  ISNOT         shift, and go to state 27
  ">"           shift, and go to state 28
  "<"           shift, and go to state 20
  $default      reduce using rule 25 (explist)


state 47

   3) exp : exp _ "+" exp
   4) exp : exp _ "-" exp
   5) exp : exp _ "*" exp
   6) exp : exp _ "/" exp
   7) exp : exp _ "%" exp
   8) exp : exp _ IS exp
   9) exp : exp _ "<" exp
  10) exp : exp _ ">" exp
  11) exp : exp _ ISNOT exp
  13) exp : IF exp THEN exp _
  14) exp : IF exp THEN exp _ ELSE exp

  "*"           shift, and go to state 21
  "*"           [reduce using rule 13 (exp)]
  "/"           shift, and go to state 22
  "/"           [reduce using rule 13 (exp)]
  "%"           shift, and go to state 23
  "%"           [reduce using rule 13 (exp)]
  "+"           shift, and go to state 24
  "+"           [reduce using rule 13 (exp)]
  "-"           shift, and go to state 25
  "-"           [reduce using rule 13 (exp)]
  IS            shift, and go to state 26
  IS            [reduce using rule 13 (exp)]
  ISNOT         shift, and go to state 27
  ISNOT         [reduce using rule 13 (exp)]
  ">"           shift, and go to state 28
  ">"           [reduce using rule 13 (exp)]
  "<"           shift, and go to state 20
  "<"           [reduce using rule 13 (exp)]
  ELSE          shift, and go to state 49
  ELSE          [reduce using rule 13 (exp)]
  $default      reduce using rule 13 (exp)


state 48

   3) exp : exp _ "+" exp
   4) exp : exp _ "-" exp
   5) exp : exp _ "*" exp
   6) exp : exp _ "/" exp
   7) exp : exp _ "%" exp
   8) exp : exp _ IS exp
   9) exp : exp _ "<" exp
  10) exp : exp _ ">" exp
  11) exp : exp _ ISNOT exp
  15) exp : FOR exp TO exp _ DO exp

  "*"           shift, and go to state 21
  "/"           shift, and go to state 22
  "%"           shift, and go to state 23
  "+"           shift, and go to state 24
  "-"           shift, and go to state 25
  IS            shift, and go to state 26
  ISNOT         shift, and go to state 27
  ">"           shift, and go to state 28
  "<"           shift, and go to state 20
  DO            shift, and go to state 50


state 49

  14) exp : IF exp THEN exp ELSE _ exp

  "-"           shift, and go to state 7
  PRINT         shift, and go to state 2
  IF            shift, and go to state 5
  FOR           shift, and go to state 8
  "("           shift, and go to state 11
  "{"           shift, and go to state 1
  NUMBER        shift, and go to state 3
  VAR           shift, and go to state 4
  STRING        shift, and go to state 6

  exp           go to state 51

state 50

  15) exp : FOR exp TO exp DO _ exp

  "-"           shift, and go to state 7
  PRINT         shift, and go to state 2
  IF            shift, and go to state 5
  FOR           shift, and go to state 8
  "("           shift, and go to state 11
  "{"           shift, and go to state 1
  NUMBER        shift, and go to state 3
  VAR           shift, and go to state 4
  STRING        shift, and go to state 6

  exp           go to state 52

state 51

   3) exp : exp _ "+" exp
   4) exp : exp _ "-" exp
   5) exp : exp _ "*" exp
   6) exp : exp _ "/" exp
   7) exp : exp _ "%" exp
   8) exp : exp _ IS exp
   9) exp : exp _ "<" exp
  10) exp : exp _ ">" exp
  11) exp : exp _ ISNOT exp
  14) exp : IF exp THEN exp ELSE exp _

  "*"           shift, and go to state 21
  "*"           [reduce using rule 14 (exp)]
  "/"           shift, and go to state 22
  "/"           [reduce using rule 14 (exp)]
  "%"           shift, and go to state 23
  "%"           [reduce using rule 14 (exp)]
  "+"           shift, and go to state 24
  "+"           [reduce using rule 14 (exp)]
  "-"           shift, and go to state 25
  "-"           [reduce using rule 14 (exp)]
  IS            shift, and go to state 26
  IS            [reduce using rule 14 (exp)]
  ISNOT         shift, and go to state 27
  ISNOT         [reduce using rule 14 (exp)]
  ">"           shift, and go to state 28
  ">"           [reduce using rule 14 (exp)]
  "<"           shift, and go to state 20
  "<"           [reduce using rule 14 (exp)]
  $default      reduce using rule 14 (exp)


state 52

   3) exp : exp _ "+" exp
   4) exp : exp _ "-" exp
   5) exp : exp _ "*" exp
   6) exp : exp _ "/" exp
   7) exp : exp _ "%" exp
   8) exp : exp _ IS exp
   9) exp : exp _ "<" exp
  10) exp : exp _ ">" exp
  11) exp : exp _ ISNOT exp
  15) exp : FOR exp TO exp DO exp _

  "*"           shift, and go to state 21
  "*"           [reduce using rule 15 (exp)]
  "/"           shift, and go to state 22
  "/"           [reduce using rule 15 (exp)]
  "%"           shift, and go to state 23
  "%"           [reduce using rule 15 (exp)]
  "+"           shift, and go to state 24
  "+"           [reduce using rule 15 (exp)]
  "-"           shift, and go to state 25
  "-"           [reduce using rule 15 (exp)]
  IS            shift, and go to state 26
  IS            [reduce using rule 15 (exp)]
  ISNOT         shift, and go to state 27
  ISNOT         [reduce using rule 15 (exp)]
  ">"           shift, and go to state 28
  ">"           [reduce using rule 15 (exp)]
  "<"           shift, and go to state 20
  "<"           [reduce using rule 15 (exp)]
  $default      reduce using rule 15 (exp)

